output/traj.txt does not exist.
output/traj.txt was created.
BlockCatchOverarm-v0 - traj


Step 0. Reward: 0.000000, success: 0.0, d_pos: 29.931294, d_rot: 2.195239. Best future reward: 5.355737. Took 2155.261335 seconds!

Step 1. Reward: 0.000001, success: 0.0, d_pos: 27.084532, d_rot: 2.185040. Best future reward: 6.780545. Took 2285.683023 seconds!

Step 2. Reward: 0.000003, success: 0.0, d_pos: 24.336633, d_rot: 2.185039. Best future reward: 8.248830. Took 2308.105916 seconds!

Step 3. Reward: 0.000013, success: 0.0, d_pos: 21.669067, d_rot: 2.185039. Best future reward: 10.315632. Took 2247.319528 seconds!

Step 4. Reward: 0.000047, success: 0.0, d_pos: 19.053151, d_rot: 2.185039. Best future reward: 10.810292. Took 2124.059801 seconds!

Step 5. Reward: 0.000172, success: 0.0, d_pos: 16.460338, d_rot: 2.185039. Best future reward: 10.547818. Took 2269.825380 seconds!

Step 6. Reward: 0.000631, success: 0.0, d_pos: 13.862701, d_rot: 2.185039. Best future reward: 11.790035. Took 2198.084369 seconds!

Step 7. Reward: 0.002349, success: 0.0, d_pos: 11.233381, d_rot: 2.185039. Best future reward: 13.047308. Took 2094.509208 seconds!

Step 8. Reward: 0.009000, success: 0.0, d_pos: 8.546986, d_rot: 2.185039. Best future reward: 13.751492. Took 2031.300869 seconds!

Step 9. Reward: 0.035899, success: 0.0, d_pos: 5.780063, d_rot: 2.185039. Best future reward: 14.330256. Took 1924.830864 seconds!

Step 10. Reward: 0.150566, success: 0.0, d_pos: 2.912695, d_rot: 2.185039. Best future reward: 15.560319. Took 1876.901836 seconds!

Step 11. Reward: 0.573379, success: 0.0, d_pos: 0.238400, d_rot: 2.185039. Best future reward: 16.781717. Took 1825.769740 seconds!

Step 12. Reward: 0.533821, success: 0.0, d_pos: 0.526571, d_rot: 1.822042. Best future reward: 16.929787. Took 1676.231544 seconds!

Step 13. Reward: 0.581191, success: 0.0, d_pos: 0.515466, d_rot: 1.424714. Best future reward: 18.429438. Took 1595.291620 seconds!

Step 14. Reward: 0.532636, success: 0.0, d_pos: 0.864799, d_rot: 0.987591. Best future reward: 19.478917. Took 1485.047746 seconds!

Step 15. Reward: 0.766917, success: 0.0, d_pos: 0.211049, d_rot: 0.799262. Best future reward: 19.832514. Took 1426.884657 seconds!

Step 16. Reward: 0.782767, success: 0.0, d_pos: 0.263479, d_rot: 0.565907. Best future reward: 20.556082. Took 1317.821245 seconds!

Step 17. Reward: 0.787212, success: 0.0, d_pos: 0.282358, d_rot: 0.490393. Best future reward: 20.488912. Took 1190.651566 seconds!

Step 18. Reward: 0.792753, success: 0.0, d_pos: 0.334059, d_rot: 0.326068. Best future reward: 20.563113. Took 1124.177883 seconds!

Step 19. Reward: 0.844310, success: 0.0, d_pos: 0.275165, d_rot: 0.158264. Best future reward: 20.081601. Took 1013.948795 seconds!

Step 20. Reward: 0.785528, success: 0.0, d_pos: 0.414758, d_rot: 0.170100. Best future reward: 18.502348. Took 948.001903 seconds!

Step 21. Reward: 0.839274, success: 0.0, d_pos: 0.300264, d_rot: 0.125427. Best future reward: 18.766074. Took 870.105321 seconds!

Step 22. Reward: 0.895318, success: 0.0, d_pos: 0.160974, d_rot: 0.150447. Best future reward: 20.057824. Took 763.061455 seconds!

Step 23. Reward: 0.820000, success: 0.0, d_pos: 0.328308, d_rot: 0.171486. Best future reward: 20.220118. Took 699.829250 seconds!

Step 24. Reward: 0.927911, success: 1.0, d_pos: 0.131444, d_rot: 0.045487. Best future reward: 20.368111. Took 590.832813 seconds!

Step 25. Reward: 0.922602, success: 1.0, d_pos: 0.138351, d_rot: 0.056906. Best future reward: 19.136795. Took 529.070452 seconds!

Step 26. Reward: 0.931370, success: 1.0, d_pos: 0.105163, d_rot: 0.092588. Best future reward: 19.135096. Took 530.713379 seconds!

Step 27. Reward: 0.900495, success: 1.0, d_pos: 0.199035, d_rot: 0.026467. Best future reward: 18.954157. Took 523.055644 seconds!

Step 28. Reward: 0.901924, success: 1.0, d_pos: 0.187611, d_rot: 0.047095. Best future reward: 18.189247. Took 513.909667 seconds!

Step 29. Reward: 0.908125, success: 1.0, d_pos: 0.173903, d_rot: 0.047105. Best future reward: 19.631346. Took 514.039016 seconds!

Step 30. Reward: 0.910835, success: 1.0, d_pos: 0.174752, d_rot: 0.030090. Best future reward: 20.448237. Took 512.821187 seconds!

Step 31. Reward: 0.925908, success: 1.0, d_pos: 0.116406, d_rot: 0.093887. Best future reward: 19.738600. Took 507.653439 seconds!

Step 32. Reward: 0.933642, success: 1.0, d_pos: 0.100939, d_rot: 0.090961. Best future reward: 20.187911. Took 514.736641 seconds!

Step 33. Reward: 0.898892, success: 1.0, d_pos: 0.179315, d_rot: 0.084674. Best future reward: 19.615994. Took 511.916546 seconds!

Step 34. Reward: 0.874392, success: 0.0, d_pos: 0.217700, d_rot: 0.126882. Best future reward: 19.775412. Took 509.408076 seconds!

Step 35. Reward: 0.922797, success: 1.0, d_pos: 0.143957, d_rot: 0.041837. Best future reward: 23.070046. Took 512.726062 seconds!

Step 36. Reward: 0.923324, success: 1.0, d_pos: 0.138209, d_rot: 0.053352. Best future reward: 21.561635. Took 510.780676 seconds!

Step 37. Reward: 0.818136, success: 0.0, d_pos: 0.375670, d_rot: 0.064462. Best future reward: 22.860665. Took 518.688748 seconds!

Step 38. Reward: 0.925867, success: 1.0, d_pos: 0.135387, d_rot: 0.046655. Best future reward: 23.029355. Took 522.120734 seconds!

Step 39. Reward: 0.896521, success: 0.0, d_pos: 0.200481, d_rot: 0.044966. Best future reward: 23.170926. Took 522.905423 seconds!

Step 40. Reward: 0.948023, success: 1.0, d_pos: 0.088766, d_rot: 0.044966. Best future reward: 23.311806. Took 523.051347 seconds!

Step 41. Reward: 0.946696, success: 1.0, d_pos: 0.105047, d_rot: 0.011269. Best future reward: 25.137337. Took 521.195291 seconds!

Step 42. Reward: 0.938508, success: 1.0, d_pos: 0.114499, d_rot: 0.031075. Best future reward: 23.963146. Took 519.660688 seconds!

Step 43. Reward: 0.935133, success: 1.0, d_pos: 0.109774, d_rot: 0.060896. Best future reward: 21.649623. Took 514.698661 seconds!

Step 44. Reward: 0.919298, success: 1.0, d_pos: 0.143085, d_rot: 0.063014. Best future reward: 21.168313. Took 512.243610 seconds!

Step 45. Reward: 0.896347, success: 1.0, d_pos: 0.181083, d_rot: 0.094432. Best future reward: 21.140458. Took 514.909312 seconds!

Step 46. Reward: 0.925455, success: 1.0, d_pos: 0.124361, d_rot: 0.076446. Best future reward: 21.177238. Took 514.870935 seconds!

Step 47. Reward: 0.937723, success: 1.0, d_pos: 0.103521, d_rot: 0.062700. Best future reward: 22.201196. Took 514.804321 seconds!

Step 48. Reward: 0.898999, success: 1.0, d_pos: 0.181900, d_rot: 0.077617. Best future reward: 21.372118. Took 513.335970 seconds!

Step 49. Reward: 0.903668, success: 1.0, d_pos: 0.179727, d_rot: 0.057150. Best future reward: 21.547035. Took 514.721519 seconds!

Step 0. Reward: 0.000000, success: 0.0, d_pos: 30.958717, d_rot: 2.879287. Best future reward: 3.572728. Took 1284.305128 seconds!

Step 1. Reward: 0.000000, success: 0.0, d_pos: 30.478988, d_rot: 2.932052. Best future reward: 4.810633. Took 1265.339752 seconds!

Step 2. Reward: 0.000001, success: 0.0, d_pos: 27.477983, d_rot: 3.012625. Best future reward: 5.710464. Took 1295.732762 seconds!

Step 3. Reward: 0.000003, success: 0.0, d_pos: 24.572679, d_rot: 3.012628. Best future reward: 6.646399. Took 1276.604162 seconds!

Step 4. Reward: 0.000010, success: 0.0, d_pos: 21.743070, d_rot: 3.012628. Best future reward: 7.336804. Took 1256.632648 seconds!

Step 5. Reward: 0.000042, success: 0.0, d_pos: 18.962123, d_rot: 3.012628. Best future reward: 8.205193. Took 1265.243518 seconds!

Step 6. Reward: 0.000166, success: 0.0, d_pos: 16.202949, d_rot: 3.012628. Best future reward: 8.834427. Took 1204.875896 seconds!

Step 7. Reward: 0.000661, success: 0.0, d_pos: 13.439223, d_rot: 3.012628. Best future reward: 9.414516. Took 1147.554754 seconds!

Step 8. Reward: 0.002671, success: 0.0, d_pos: 10.645606, d_rot: 3.012628. Best future reward: 10.284998. Took 1087.989555 seconds!

Step 9. Reward: 0.011091, success: 0.0, d_pos: 7.798227, d_rot: 3.012628. Best future reward: 11.163847. Took 1054.281456 seconds!

Step 10. Reward: 0.047816, success: 0.0, d_pos: 4.875743, d_rot: 3.012628. Best future reward: 11.730310. Took 1042.514886 seconds!

Step 11. Reward: 0.215074, success: 0.0, d_pos: 1.868496, d_rot: 3.012628. Best future reward: 12.231989. Took 973.295608 seconds!

Step 12. Reward: 0.441526, success: 0.0, d_pos: 0.523304, d_rot: 2.779328. Best future reward: 13.204402. Took 942.127016 seconds!

Step 13. Reward: 0.514399, success: 0.0, d_pos: 0.399253, d_rot: 2.325649. Best future reward: 14.173399. Took 919.381488 seconds!

Step 14. Reward: 0.557800, success: 0.0, d_pos: 0.345796, d_rot: 2.054280. Best future reward: 14.222033. Took 846.714776 seconds!

Step 15. Reward: 0.544312, success: 0.0, d_pos: 0.408692, d_rot: 2.019438. Best future reward: 14.858623. Took 850.357529 seconds!

Step 16. Reward: 0.478775, success: 0.0, d_pos: 0.689746, d_rot: 1.958253. Best future reward: 15.746819. Took 782.106604 seconds!

Step 17. Reward: 0.684742, success: 0.0, d_pos: 0.079427, d_rot: 1.695000. Best future reward: 16.540990. Took 721.632930 seconds!

Step 18. Reward: 0.673272, success: 0.0, d_pos: 0.230834, d_rot: 1.400942. Best future reward: 15.748160. Took 647.921121 seconds!

Step 19. Reward: 0.461124, success: 0.0, d_pos: 1.017299, d_rot: 1.327193. Best future reward: 15.786970. Took 584.753278 seconds!

Step 20. Reward: 0.452248, success: 0.0, d_pos: 1.102928, d_rot: 1.210304. Best future reward: 16.077213. Took 585.701339 seconds!

Step 21. Reward: 0.800122, success: 0.0, d_pos: 0.069713, d_rot: 0.940671. Best future reward: 16.759150. Took 510.105433 seconds!

Step 22. Reward: 0.587835, success: 0.0, d_pos: 0.719462, d_rot: 0.857887. Best future reward: 15.765352. Took 433.622545 seconds!

Step 23. Reward: 0.660074, success: 0.0, d_pos: 0.577609, d_rot: 0.632995. Best future reward: 14.702670. Took 362.509341 seconds!

Step 24. Reward: 0.880230, success: 0.0, d_pos: 0.061127, d_rot: 0.485041. Best future reward: 16.252942. Took 307.380410 seconds!

Step 25. Reward: 0.831178, success: 0.0, d_pos: 0.197910, d_rot: 0.429781. Best future reward: 15.794288. Took 308.159287 seconds!

Step 26. Reward: 0.817898, success: 0.0, d_pos: 0.236939, d_rot: 0.412737. Best future reward: 16.041668. Took 301.354191 seconds!

Step 27. Reward: 0.701646, success: 0.0, d_pos: 0.581460, d_rot: 0.317978. Best future reward: 15.830626. Took 305.311859 seconds!

Step 28. Reward: 0.778945, success: 0.0, d_pos: 0.376947, d_rot: 0.306707. Best future reward: 16.100112. Took 302.421504 seconds!

Step 29. Reward: 0.724711, success: 0.0, d_pos: 0.580465, d_rot: 0.158747. Best future reward: 16.206869. Took 301.081301 seconds!

Step 30. Reward: 0.905627, success: 1.0, d_pos: 0.164084, d_rot: 0.085431. Best future reward: 17.263491. Took 300.898373 seconds!

Step 31. Reward: 0.925409, success: 1.0, d_pos: 0.117880, d_rot: 0.092895. Best future reward: 17.396353. Took 295.777674 seconds!

Step 32. Reward: 0.918262, success: 1.0, d_pos: 0.137417, d_rot: 0.082823. Best future reward: 16.420787. Took 293.504006 seconds!

Step 33. Reward: 0.905457, success: 1.0, d_pos: 0.180910, d_rot: 0.044304. Best future reward: 15.812996. Took 286.651666 seconds!

Step 34. Reward: 0.913406, success: 1.0, d_pos: 0.142853, d_rot: 0.095741. Best future reward: 16.527731. Took 289.208094 seconds!

Step 35. Reward: 0.898087, success: 1.0, d_pos: 0.189981, d_rot: 0.062490. Best future reward: 15.196124. Took 290.313637 seconds!

Step 36. Reward: 0.909005, success: 1.0, d_pos: 0.172073, d_rot: 0.046844. Best future reward: 14.285225. Took 293.386933 seconds!

Step 37. Reward: 0.958963, success: 1.0, d_pos: 0.063577, d_rot: 0.050573. Best future reward: 14.733658. Took 292.553858 seconds!

Step 38. Reward: 0.899145, success: 1.0, d_pos: 0.185207, d_rot: 0.068539. Best future reward: 14.472911. Took 295.069430 seconds!

Step 39. Reward: 0.940827, success: 1.0, d_pos: 0.089046, d_rot: 0.082364. Best future reward: 13.877820. Took 296.176233 seconds!

Step 40. Reward: 0.795286, success: 0.0, d_pos: 0.384157, d_rot: 0.184877. Best future reward: 13.769395. Took 298.439817 seconds!

Step 41. Reward: 0.676704, success: 0.0, d_pos: 0.697003, d_rot: 0.210103. Best future reward: 15.038882. Took 319.424451 seconds!

Step 42. Reward: 0.574886, success: 0.0, d_pos: 1.034704, d_rot: 0.181153. Best future reward: 15.250263. Took 310.749896 seconds!

Step 43. Reward: 0.577284, success: 0.0, d_pos: 0.999912, d_rot: 0.247325. Best future reward: 15.990499. Took 327.243082 seconds!

Step 44. Reward: 0.714386, success: 0.0, d_pos: 0.574785, d_rot: 0.244696. Best future reward: 17.726110. Took 348.230368 seconds!

Step 45. Reward: 0.684939, success: 0.0, d_pos: 0.698145, d_rot: 0.146763. Best future reward: 17.216358. Took 348.558582 seconds!

Step 46. Reward: 0.662040, success: 0.0, d_pos: 0.752761, d_rot: 0.180246. Best future reward: 17.857970. Took 351.547824 seconds!

Step 47. Reward: 0.687060, success: 0.0, d_pos: 0.691367, d_rot: 0.148250. Best future reward: 17.638678. Took 347.525689 seconds!

Step 48. Reward: 0.728113, success: 0.0, d_pos: 0.529017, d_rot: 0.263952. Best future reward: 17.364922. Took 344.518081 seconds!

Step 49. Reward: 0.729167, success: 0.0, d_pos: 0.444417, d_rot: 0.468218. Best future reward: 19.441689. Took 346.551179 seconds!

Step 0. Reward: 0.000000, success: 0.0, d_pos: 29.376025, d_rot: 1.763633. Best future reward: 2.540438. Took 707.154858 seconds!

Step 1. Reward: 0.000001, success: 0.0, d_pos: 26.696188, d_rot: 1.671382. Best future reward: 5.218748. Took 692.090445 seconds!

Step 2. Reward: 0.000004, success: 0.0, d_pos: 24.101041, d_rot: 1.671379. Best future reward: 6.812215. Took 711.983403 seconds!

Step 3. Reward: 0.000015, success: 0.0, d_pos: 21.562007, d_rot: 1.671379. Best future reward: 7.790961. Took 672.563025 seconds!

Step 4. Reward: 0.000052, success: 0.0, d_pos: 19.050186, d_rot: 1.671379. Best future reward: 8.437750. Took 685.968981 seconds!

Step 5. Reward: 0.000184, success: 0.0, d_pos: 16.537610, d_rot: 1.671379. Best future reward: 9.470575. Took 633.883661 seconds!

Step 6. Reward: 0.000653, success: 0.0, d_pos: 13.997935, d_rot: 1.671379. Best future reward: 10.221730. Took 639.338981 seconds!

Step 7. Reward: 0.002386, success: 0.0, d_pos: 11.407438, d_rot: 1.671379. Best future reward: 10.951959. Took 584.201082 seconds!

Step 8. Reward: 0.009024, success: 0.0, d_pos: 8.747168, d_rot: 1.671379. Best future reward: 12.283992. Took 607.497407 seconds!

Step 9. Reward: 0.035454, success: 0.0, d_pos: 6.010484, d_rot: 1.671379. Best future reward: 12.975232. Took 564.143842 seconds!

Step 10. Reward: 0.140907, success: 0.0, d_pos: 3.250760, d_rot: 1.671379. Best future reward: 13.600576. Took 581.340477 seconds!

Step 11. Reward: 0.305602, success: 0.0, d_pos: 1.699864, d_rot: 1.677697. Best future reward: 14.345578. Took 518.312749 seconds!

Step 12. Reward: 0.453852, success: 0.0, d_pos: 1.066866, d_rot: 1.282755. Best future reward: 15.066619. Took 515.131990 seconds!

Step 13. Reward: 0.741369, success: 0.0, d_pos: 0.156417, d_rot: 1.105238. Best future reward: 15.174824. Took 444.436515 seconds!

Step 14. Reward: 0.731566, success: 0.0, d_pos: 0.243406, d_rot: 0.954323. Best future reward: 15.506923. Took 452.048877 seconds!

Step 15. Reward: 0.704191, success: 0.0, d_pos: 0.314433, d_rot: 0.967446. Best future reward: 15.562623. Took 386.762771 seconds!

Step 16. Reward: 0.621837, success: 0.0, d_pos: 0.588332, d_rot: 0.904558. Best future reward: 15.693107. Took 386.658704 seconds!

Step 17. Reward: 0.663282, success: 0.0, d_pos: 0.469012, d_rot: 0.880245. Best future reward: 15.796065. Took 322.892041 seconds!

Step 18. Reward: 0.789687, success: 0.0, d_pos: 0.187775, d_rot: 0.711156. Best future reward: 15.596312. Took 323.728998 seconds!

Step 19. Reward: 0.819438, success: 0.0, d_pos: 0.071042, d_rot: 0.818078. Best future reward: 15.395645. Took 251.762840 seconds!

Step 20. Reward: 0.824836, success: 0.0, d_pos: 0.056397, d_rot: 0.821862. Best future reward: 15.335558. Took 249.662208 seconds!

Step 21. Reward: 0.723650, success: 0.0, d_pos: 0.312167, d_rot: 0.836823. Best future reward: 15.180085. Took 183.893320 seconds!

Step 22. Reward: 0.789108, success: 0.0, d_pos: 0.168992, d_rot: 0.761782. Best future reward: 15.261109. Took 182.900150 seconds!

Step 23. Reward: 0.756534, success: 0.0, d_pos: 0.266957, d_rot: 0.727646. Best future reward: 15.189915. Took 119.115657 seconds!

Step 24. Reward: 0.843154, success: 0.0, d_pos: 0.076490, d_rot: 0.661807. Best future reward: 15.705342. Took 119.672647 seconds!

Step 25. Reward: 0.824182, success: 0.0, d_pos: 0.162348, d_rot: 0.560953. Best future reward: 16.586392. Took 119.134161 seconds!

Step 26. Reward: 0.807960, success: 0.0, d_pos: 0.247891, d_rot: 0.446489. Best future reward: 16.698607. Took 118.697986 seconds!

Step 27. Reward: 0.779159, success: 0.0, d_pos: 0.357564, d_rot: 0.353788. Best future reward: 16.373975. Took 117.601928 seconds!

Step 28. Reward: 0.830369, success: 0.0, d_pos: 0.219815, d_rot: 0.379886. Best future reward: 16.705923. Took 118.387379 seconds!

Step 29. Reward: 0.717705, success: 0.0, d_pos: 0.552708, d_rot: 0.276715. Best future reward: 15.279592. Took 116.348105 seconds!

Step 30. Reward: 0.742440, success: 0.0, d_pos: 0.470461, d_rot: 0.312915. Best future reward: 16.268521. Took 115.283594 seconds!

Step 31. Reward: 0.860590, success: 0.0, d_pos: 0.206436, d_rot: 0.234598. Best future reward: 16.582434. Took 115.004067 seconds!

Step 32. Reward: 0.903347, success: 1.0, d_pos: 0.174862, d_rot: 0.071087. Best future reward: 18.466870. Took 113.699393 seconds!

Step 33. Reward: 0.856769, success: 0.0, d_pos: 0.255406, d_rot: 0.134420. Best future reward: 18.714757. Took 115.590044 seconds!

Step 34. Reward: 0.919326, success: 1.0, d_pos: 0.144868, d_rot: 0.058400. Best future reward: 18.689682. Took 114.792391 seconds!

Step 35. Reward: 0.928632, success: 1.0, d_pos: 0.119785, d_rot: 0.070752. Best future reward: 17.641013. Took 114.425987 seconds!

Step 36. Reward: 0.921015, success: 1.0, d_pos: 0.142659, d_rot: 0.054750. Best future reward: 16.201140. Took 112.522273 seconds!

Step 37. Reward: 0.891955, success: 0.0, d_pos: 0.208061, d_rot: 0.051544. Best future reward: 17.946845. Took 115.116553 seconds!

Step 38. Reward: 0.936475, success: 1.0, d_pos: 0.103613, d_rot: 0.069130. Best future reward: 17.222192. Took 113.726444 seconds!

Step 39. Reward: 0.939145, success: 1.0, d_pos: 0.086338, d_rot: 0.098080. Best future reward: 17.784268. Took 111.525239 seconds!

Step 40. Reward: 0.934539, success: 1.0, d_pos: 0.099031, d_rot: 0.090932. Best future reward: 15.663034. Took 110.975890 seconds!

Step 41. Reward: 0.945748, success: 1.0, d_pos: 0.082143, d_rot: 0.073538. Best future reward: 14.392921. Took 110.428380 seconds!

Step 42. Reward: 0.914741, success: 1.0, d_pos: 0.159148, d_rot: 0.047703. Best future reward: 13.786397. Took 108.936200 seconds!

Step 43. Reward: 0.910980, success: 1.0, d_pos: 0.152197, d_rot: 0.085677. Best future reward: 13.897069. Took 108.973356 seconds!

Step 44. Reward: 0.786195, success: 0.0, d_pos: 0.393415, d_rot: 0.219212. Best future reward: 12.635042. Took 109.904435 seconds!

Step 45. Reward: 0.757175, success: 0.0, d_pos: 0.484271, d_rot: 0.180126. Best future reward: 12.782960. Took 109.031413 seconds!

Step 46. Reward: 0.736171, success: 0.0, d_pos: 0.541689, d_rot: 0.177244. Best future reward: 12.973808. Took 109.902547 seconds!

Step 47. Reward: 0.825853, success: 0.0, d_pos: 0.263335, d_rot: 0.298356. Best future reward: 13.516679. Took 114.384457 seconds!

Step 48. Reward: 0.764238, success: 0.0, d_pos: 0.379594, d_rot: 0.395394. Best future reward: 13.534375. Took 115.705105 seconds!

Step 49. Reward: 0.795367, success: 0.0, d_pos: 0.277854, d_rot: 0.450123. Best future reward: 13.535474. Took 113.471459 seconds!

Step 0. Reward: 0.000000, success: 0.0, d_pos: 30.404568, d_rot: 2.493048. Best future reward: 0.701354. Took 253.744712 seconds!

Step 1. Reward: 0.000000, success: 0.0, d_pos: 28.721188, d_rot: 2.489598. Best future reward: 2.611673. Took 198.958146 seconds!

Step 2. Reward: 0.000001, success: 0.0, d_pos: 26.090370, d_rot: 2.474967. Best future reward: 4.502414. Took 211.897395 seconds!

Step 3. Reward: 0.000005, success: 0.0, d_pos: 23.532237, d_rot: 2.474966. Best future reward: 5.871582. Took 219.371865 seconds!

Step 4. Reward: 0.000017, success: 0.0, d_pos: 21.017331, d_rot: 2.474966. Best future reward: 7.162042. Took 218.301718 seconds!

Step 5. Reward: 0.000058, success: 0.0, d_pos: 18.516660, d_rot: 2.474966. Best future reward: 8.033863. Took 223.005420 seconds!

Step 6. Reward: 0.000204, success: 0.0, d_pos: 16.002231, d_rot: 2.474966. Best future reward: 8.563218. Took 215.895881 seconds!

Step 7. Reward: 0.000733, success: 0.0, d_pos: 13.447569, d_rot: 2.474966. Best future reward: 9.364603. Took 163.296410 seconds!

Step 8. Reward: 0.002714, success: 0.0, d_pos: 10.828318, d_rot: 2.474966. Best future reward: 10.301114. Took 166.667345 seconds!

Step 9. Reward: 0.010497, success: 0.0, d_pos: 8.123355, d_rot: 2.474966. Best future reward: 11.108542. Took 168.169117 seconds!

Step 10. Reward: 0.042664, success: 0.0, d_pos: 5.318802, d_rot: 2.474966. Best future reward: 11.738801. Took 171.956907 seconds!

Step 11. Reward: 0.179863, success: 0.0, d_pos: 2.441134, d_rot: 2.474966. Best future reward: 12.477030. Took 180.902587 seconds!

Step 12. Reward: 0.381008, success: 0.0, d_pos: 1.020100, d_rot: 2.274423. Best future reward: 13.062922. Took 188.121436 seconds!

Step 13. Reward: 0.542753, success: 0.0, d_pos: 0.532248, d_rot: 1.724886. Best future reward: 13.544978. Took 127.052941 seconds!

Step 14. Reward: 0.700650, success: 0.0, d_pos: 0.237497, d_rot: 1.184992. Best future reward: 13.703449. Took 123.160811 seconds!

Step 15. Reward: 0.698649, success: 0.0, d_pos: 0.260657, d_rot: 1.141388. Best future reward: 13.859297. Took 123.544642 seconds!

Step 16. Reward: 0.634470, success: 0.0, d_pos: 0.450959, d_rot: 1.147430. Best future reward: 14.371269. Took 125.901083 seconds!

Step 17. Reward: 0.577041, success: 0.0, d_pos: 0.671445, d_rot: 1.070594. Best future reward: 14.078131. Took 125.142314 seconds!

Step 18. Reward: 0.614090, success: 0.0, d_pos: 0.552920, d_rot: 1.055767. Best future reward: 14.522363. Took 124.895449 seconds!

Step 19. Reward: 0.764515, success: 0.0, d_pos: 0.142571, d_rot: 0.986142. Best future reward: 14.859337. Took 62.335322 seconds!

Step 20. Reward: 0.740083, success: 0.0, d_pos: 0.216571, d_rot: 0.963533. Best future reward: 14.462358. Took 62.980954 seconds!

Step 21. Reward: 0.730154, success: 0.0, d_pos: 0.285872, d_rot: 0.857819. Best future reward: 14.296194. Took 61.080167 seconds!

Step 22. Reward: 0.741247, success: 0.0, d_pos: 0.235369, d_rot: 0.908685. Best future reward: 14.070973. Took 60.090018 seconds!

Step 23. Reward: 0.723063, success: 0.0, d_pos: 0.279727, d_rot: 0.921979. Best future reward: 13.742320. Took 59.343798 seconds!

Step 24. Reward: 0.784525, success: 0.0, d_pos: 0.079169, d_rot: 1.015461. Best future reward: 13.941244. Took 59.065483 seconds!

Step 25. Reward: 0.715993, success: 0.0, d_pos: 0.283927, d_rot: 0.960604. Best future reward: 14.052760. Took 58.687532 seconds!

Step 26. Reward: 0.759068, success: 0.0, d_pos: 0.208611, d_rot: 0.856794. Best future reward: 13.831736. Took 55.664422 seconds!

Step 27. Reward: 0.690892, success: 0.0, d_pos: 0.368786, d_rot: 0.926897. Best future reward: 13.281665. Took 56.004984 seconds!

Step 28. Reward: 0.847890, success: 0.0, d_pos: 0.043694, d_rot: 0.715788. Best future reward: 13.747784. Took 54.759806 seconds!

Step 29. Reward: 0.853037, success: 0.0, d_pos: 0.071664, d_rot: 0.615600. Best future reward: 13.601422. Took 54.589270 seconds!

Step 30. Reward: 0.804690, success: 0.0, d_pos: 0.215617, d_rot: 0.547448. Best future reward: 13.555770. Took 54.950300 seconds!

Step 31. Reward: 0.821496, success: 0.0, d_pos: 0.194807, d_rot: 0.496125. Best future reward: 13.088635. Took 55.285124 seconds!

Step 32. Reward: 0.797505, success: 0.0, d_pos: 0.261143, d_rot: 0.478475. Best future reward: 12.439230. Took 54.281414 seconds!

Step 33. Reward: 0.820737, success: 0.0, d_pos: 0.189395, d_rot: 0.514273. Best future reward: 12.615769. Took 53.288964 seconds!

Step 34. Reward: 0.790049, success: 0.0, d_pos: 0.246766, d_rot: 0.561386. Best future reward: 12.814090. Took 53.100818 seconds!

Step 35. Reward: 0.816027, success: 0.0, d_pos: 0.157858, d_rot: 0.621896. Best future reward: 12.660515. Took 53.378140 seconds!

Step 36. Reward: 0.849059, success: 0.0, d_pos: 0.051943, d_rot: 0.688277. Best future reward: 12.688517. Took 53.896689 seconds!

Step 37. Reward: 0.778032, success: 0.0, d_pos: 0.206866, d_rot: 0.737775. Best future reward: 13.744903. Took 54.926756 seconds!

Step 38. Reward: 0.834720, success: 0.0, d_pos: 0.060877, d_rot: 0.751105. Best future reward: 14.523936. Took 54.753469 seconds!

Step 39. Reward: 0.729081, success: 0.0, d_pos: 0.354164, d_rot: 0.694444. Best future reward: 15.299485. Took 56.933876 seconds!

Step 40. Reward: 0.610096, success: 0.0, d_pos: 0.702581, d_rot: 0.714242. Best future reward: 15.491752. Took 56.979347 seconds!

Step 41. Reward: 0.695284, success: 0.0, d_pos: 0.534313, d_rot: 0.481390. Best future reward: 15.867935. Took 58.676877 seconds!

Step 42. Reward: 0.813578, success: 0.0, d_pos: 0.275342, d_rot: 0.343212. Best future reward: 16.382982. Took 58.046035 seconds!

Step 43. Reward: 0.849536, success: 0.0, d_pos: 0.153153, d_rot: 0.432443. Best future reward: 17.057811. Took 56.503056 seconds!

Step 44. Reward: 0.840078, success: 0.0, d_pos: 0.202566, d_rot: 0.364887. Best future reward: 16.314134. Took 55.558456 seconds!

Step 45. Reward: 0.784543, success: 0.0, d_pos: 0.311621, d_rot: 0.434217. Best future reward: 16.943498. Took 55.510670 seconds!

Step 46. Reward: 0.730352, success: 0.0, d_pos: 0.400456, d_rot: 0.570004. Best future reward: 15.302310. Took 54.811348 seconds!

Step 47. Reward: 0.687690, success: 0.0, d_pos: 0.584243, d_rot: 0.411480. Best future reward: 15.456604. Took 53.479131 seconds!

Step 48. Reward: 0.824261, success: 0.0, d_pos: 0.262148, d_rot: 0.310969. Best future reward: 15.394838. Took 53.082256 seconds!

Step 49. Reward: 0.787135, success: 0.0, d_pos: 0.328930, d_rot: 0.374455. Best future reward: 15.137503. Took 53.106319 seconds!

Step 0. Reward: 0.000000, success: 0.0, d_pos: 30.429480, d_rot: 0.528270. Best future reward: 0.996144. Took 205.905676 seconds!

Step 1. Reward: 0.000001, success: 0.0, d_pos: 28.580446, d_rot: 0.495235. Best future reward: 2.574318. Took 147.632093 seconds!

Step 2. Reward: 0.000002, success: 0.0, d_pos: 25.934851, d_rot: 0.461365. Best future reward: 5.159930. Took 148.558266 seconds!

Step 3. Reward: 0.000008, success: 0.0, d_pos: 23.346677, d_rot: 0.461364. Best future reward: 6.579677. Took 150.571230 seconds!

Step 4. Reward: 0.000028, success: 0.0, d_pos: 20.788587, d_rot: 0.461364. Best future reward: 7.623256. Took 149.702001 seconds!

Step 5. Reward: 0.000100, success: 0.0, d_pos: 18.234683, d_rot: 0.461364. Best future reward: 8.261261. Took 150.971220 seconds!

Step 6. Reward: 0.000362, success: 0.0, d_pos: 15.661605, d_rot: 0.461364. Best future reward: 9.117974. Took 151.471482 seconds!

Step 7. Reward: 0.001337, success: 0.0, d_pos: 13.050467, d_rot: 0.461364. Best future reward: 9.643983. Took 102.180154 seconds!

Step 8. Reward: 0.005052, success: 0.0, d_pos: 10.391389, d_rot: 0.461364. Best future reward: 10.487033. Took 102.568527 seconds!

Step 9. Reward: 0.019428, success: 0.0, d_pos: 7.697571, d_rot: 0.461364. Best future reward: 11.031552. Took 103.438724 seconds!

Step 10. Reward: 0.072422, success: 0.0, d_pos: 5.065937, d_rot: 0.461364. Best future reward: 11.339987. Took 103.571190 seconds!

Step 11. Reward: 0.194586, success: 0.0, d_pos: 3.102297, d_rot: 0.428669. Best future reward: 11.814266. Took 103.703660 seconds!

Step 12. Reward: 0.445100, success: 0.0, d_pos: 1.391152, d_rot: 0.569398. Best future reward: 12.792237. Took 105.401983 seconds!

Step 13. Reward: 0.684017, success: 0.0, d_pos: 0.580415, d_rot: 0.447829. Best future reward: 13.573086. Took 52.313536 seconds!

Step 14. Reward: 0.774188, success: 0.0, d_pos: 0.304818, d_rot: 0.517657. Best future reward: 12.703411. Took 51.374773 seconds!

Step 15. Reward: 0.689967, success: 0.0, d_pos: 0.528473, d_rot: 0.534378. Best future reward: 13.095386. Took 51.335387 seconds!

Step 16. Reward: 0.803933, success: 0.0, d_pos: 0.217027, d_rot: 0.548629. Best future reward: 13.321747. Took 51.621597 seconds!

Step 17. Reward: 0.779263, success: 0.0, d_pos: 0.279559, d_rot: 0.548133. Best future reward: 13.738540. Took 53.742635 seconds!

Step 18. Reward: 0.791098, success: 0.0, d_pos: 0.268847, d_rot: 0.499551. Best future reward: 14.539231. Took 54.106865 seconds!

Step 19. Reward: 0.673447, success: 0.0, d_pos: 0.618413, d_rot: 0.430698. Best future reward: 14.287844. Took 55.416065 seconds!

Step 20. Reward: 0.626526, success: 0.0, d_pos: 0.793415, d_rot: 0.354286. Best future reward: 14.236993. Took 56.608873 seconds!

Step 21. Reward: 0.617988, success: 0.0, d_pos: 0.854232, d_rot: 0.270850. Best future reward: 14.533143. Took 57.097556 seconds!

Step 22. Reward: 0.586103, success: 0.0, d_pos: 0.964417, d_rot: 0.260258. Best future reward: 14.722169. Took 56.891804 seconds!

Step 23. Reward: 0.647200, success: 0.0, d_pos: 0.801936, d_rot: 0.170657. Best future reward: 15.608404. Took 56.132819 seconds!

Step 24. Reward: 0.800980, success: 0.0, d_pos: 0.305222, d_rot: 0.346538. Best future reward: 16.685961. Took 54.973885 seconds!

Step 25. Reward: 0.922980, success: 1.0, d_pos: 0.137285, d_rot: 0.057529. Best future reward: 17.403679. Took 55.806080 seconds!

Step 26. Reward: 0.946650, success: 1.0, d_pos: 0.079465, d_rot: 0.075467. Best future reward: 16.671416. Took 57.138584 seconds!

Step 27. Reward: 0.900188, success: 1.0, d_pos: 0.181949, d_rot: 0.070886. Best future reward: 15.540610. Took 56.511214 seconds!

Step 28. Reward: 0.893117, success: 0.0, d_pos: 0.159365, d_rot: 0.166777. Best future reward: 14.527573. Took 56.303126 seconds!

Step 29. Reward: 0.919592, success: 0.0, d_pos: 0.090815, d_rot: 0.192087. Best future reward: 14.253464. Took 56.956011 seconds!

Step 30. Reward: 0.717065, success: 0.0, d_pos: 0.548994, d_rot: 0.290460. Best future reward: 14.379262. Took 57.025227 seconds!

Step 31. Reward: 0.716778, success: 0.0, d_pos: 0.542551, d_rot: 0.308568. Best future reward: 14.691217. Took 57.440563 seconds!

Step 32. Reward: 0.770735, success: 0.0, d_pos: 0.378830, d_rot: 0.354979. Best future reward: 14.964685. Took 56.404199 seconds!

Step 33. Reward: 0.677769, success: 0.0, d_pos: 0.572058, d_rot: 0.514599. Best future reward: 14.919042. Took 55.220033 seconds!

Step 34. Reward: 0.766317, success: 0.0, d_pos: 0.389450, d_rot: 0.357172. Best future reward: 15.208452. Took 56.135653 seconds!

Step 35. Reward: 0.826151, success: 0.0, d_pos: 0.275000, d_rot: 0.267390. Best future reward: 15.917978. Took 54.954203 seconds!

Step 36. Reward: 0.881215, success: 0.0, d_pos: 0.146825, d_rot: 0.265204. Best future reward: 15.920467. Took 56.402167 seconds!

Step 37. Reward: 0.889046, success: 0.0, d_pos: 0.124341, d_rot: 0.277179. Best future reward: 16.390588. Took 57.210072 seconds!

Step 38. Reward: 0.852525, success: 0.0, d_pos: 0.217026, d_rot: 0.255201. Best future reward: 15.349672. Took 58.237619 seconds!

Step 39. Reward: 0.850596, success: 0.0, d_pos: 0.247400, d_rot: 0.190592. Best future reward: 16.195311. Took 58.160693 seconds!

Step 40. Reward: 0.814638, success: 0.0, d_pos: 0.331137, d_rot: 0.197216. Best future reward: 15.368123. Took 59.715395 seconds!

Step 41. Reward: 0.663752, success: 0.0, d_pos: 0.710232, d_rot: 0.273656. Best future reward: 15.213085. Took 60.444760 seconds!

Step 42. Reward: 0.703922, success: 0.0, d_pos: 0.605133, d_rot: 0.242605. Best future reward: 14.662547. Took 60.755626 seconds!

Step 43. Reward: 0.690036, success: 0.0, d_pos: 0.664486, d_rot: 0.193843. Best future reward: 15.110831. Took 60.824698 seconds!

Step 44. Reward: 0.824434, success: 0.0, d_pos: 0.297202, d_rot: 0.222287. Best future reward: 15.320144. Took 61.515053 seconds!

Step 45. Reward: 0.637943, success: 0.0, d_pos: 0.788636, d_rot: 0.275942. Best future reward: 15.481213. Took 61.008641 seconds!

Step 46. Reward: 0.571182, success: 0.0, d_pos: 1.053898, d_rot: 0.165491. Best future reward: 15.104468. Took 59.723975 seconds!

Step 47. Reward: 0.755370, success: 0.0, d_pos: 0.466011, d_rot: 0.237710. Best future reward: 14.948807. Took 57.675174 seconds!

Step 48. Reward: 0.712335, success: 0.0, d_pos: 0.578933, d_rot: 0.248705. Best future reward: 16.271412. Took 57.798595 seconds!

Step 49. Reward: 0.728150, success: 0.0, d_pos: 0.548925, d_rot: 0.213930. Best future reward: 15.130804. Took 59.403073 seconds!

Step 0. Reward: 0.000000, success: 0.0, d_pos: 30.954362, d_rot: 2.016698. Best future reward: 2.088951. Took 202.696041 seconds!

Step 1. Reward: 0.000000, success: 0.0, d_pos: 30.892881, d_rot: 2.036362. Best future reward: 3.083753. Took 151.559117 seconds!

Step 2. Reward: 0.000000, success: 0.0, d_pos: 28.322349, d_rot: 2.105323. Best future reward: 4.153001. Took 147.422699 seconds!

Step 3. Reward: 0.000002, success: 0.0, d_pos: 25.841621, d_rot: 2.105324. Best future reward: 4.778105. Took 150.849866 seconds!

Step 4. Reward: 0.000005, success: 0.0, d_pos: 23.448327, d_rot: 2.105324. Best future reward: 5.591542. Took 150.364264 seconds!

Step 5. Reward: 0.000017, success: 0.0, d_pos: 21.110810, d_rot: 2.105324. Best future reward: 5.767145. Took 150.546819 seconds!

Step 6. Reward: 0.000054, success: 0.0, d_pos: 18.797758, d_rot: 2.105324. Best future reward: 6.224661. Took 153.309376 seconds!

Step 7. Reward: 0.000173, success: 0.0, d_pos: 16.478857, d_rot: 2.105324. Best future reward: 6.460506. Took 103.033425 seconds!

Step 8. Reward: 0.000562, success: 0.0, d_pos: 14.125414, d_rot: 2.105324. Best future reward: 6.815679. Took 103.371465 seconds!

Step 9. Reward: 0.001880, success: 0.0, d_pos: 11.711004, d_rot: 2.105324. Best future reward: 6.890998. Took 104.689823 seconds!

Step 10. Reward: 0.006557, success: 0.0, d_pos: 9.212428, d_rot: 2.105324. Best future reward: 6.787354. Took 103.847297 seconds!

Step 11. Reward: 0.024060, success: 0.0, d_pos: 6.612285, d_rot: 2.105324. Best future reward: 7.276925. Took 104.057462 seconds!

Step 12. Reward: 0.092817, success: 0.0, d_pos: 3.912113, d_rot: 2.105324. Best future reward: 7.383977. Took 104.205326 seconds!

Step 13. Reward: 0.301501, success: 0.0, d_pos: 1.560546, d_rot: 2.093550. Best future reward: 7.423096. Took 52.812275 seconds!

Step 14. Reward: 0.368949, success: 0.0, d_pos: 1.250880, d_rot: 1.858290. Best future reward: 7.724993. Took 53.967579 seconds!

Step 15. Reward: 0.432743, success: 0.0, d_pos: 1.033601, d_rot: 1.604053. Best future reward: 7.539091. Took 53.537636 seconds!

Step 16. Reward: 0.677905, success: 0.0, d_pos: 0.239480, d_rot: 1.345039. Best future reward: 8.196031. Took 53.280586 seconds!

Step 17. Reward: 0.655043, success: 0.0, d_pos: 0.311100, d_rot: 1.337520. Best future reward: 7.683908. Took 53.367780 seconds!

Step 18. Reward: 0.623794, success: 0.0, d_pos: 0.419779, d_rot: 1.310225. Best future reward: 7.820304. Took 52.525100 seconds!

Step 19. Reward: 0.594041, success: 0.0, d_pos: 0.488465, d_rot: 1.382873. Best future reward: 7.372266. Took 52.323260 seconds!

Step 20. Reward: 0.493978, success: 0.0, d_pos: 0.795174, d_rot: 1.538386. Best future reward: 7.453074. Took 51.277252 seconds!

Step 21. Reward: 0.417771, success: 0.0, d_pos: 1.073591, d_rot: 1.680137. Best future reward: 7.465858. Took 50.692028 seconds!

Step 22. Reward: 0.338953, success: 0.0, d_pos: 1.491745, d_rot: 1.680107. Best future reward: 7.293900. Took 50.457156 seconds!

Step 23. Reward: 0.310917, success: 0.0, d_pos: 1.664414, d_rot: 1.680107. Best future reward: 7.476129. Took 50.551411 seconds!

Step 24. Reward: 0.327278, success: 0.0, d_pos: 1.561849, d_rot: 1.680107. Best future reward: 7.226099. Took 50.300312 seconds!

Step 25. Reward: 0.369095, success: 0.0, d_pos: 1.312808, d_rot: 1.701488. Best future reward: 7.279713. Took 51.594365 seconds!

Step 26. Reward: 0.386773, success: 0.0, d_pos: 1.210014, d_rot: 1.724556. Best future reward: 7.240272. Took 51.008370 seconds!

Step 27. Reward: 0.385918, success: 0.0, d_pos: 1.222339, d_rot: 1.704799. Best future reward: 7.285111. Took 50.806655 seconds!

Step 28. Reward: 0.393051, success: 0.0, d_pos: 1.186210, d_rot: 1.703550. Best future reward: 7.689515. Took 50.730343 seconds!

Step 29. Reward: 0.414897, success: 0.0, d_pos: 1.082930, d_rot: 1.691303. Best future reward: 7.855240. Took 50.855437 seconds!

Step 30. Reward: 0.369985, success: 0.0, d_pos: 1.283773, d_rot: 1.762034. Best future reward: 7.614031. Took 50.645295 seconds!

Step 31. Reward: 0.372175, success: 0.0, d_pos: 1.271968, d_rot: 1.762037. Best future reward: 7.503172. Took 50.755864 seconds!

Step 32. Reward: 0.393044, success: 0.0, d_pos: 1.204133, d_rot: 1.658840. Best future reward: 7.512170. Took 50.776981 seconds!

Step 33. Reward: 0.406267, success: 0.0, d_pos: 1.144878, d_rot: 1.641532. Best future reward: 8.132873. Took 51.106943 seconds!

Step 34. Reward: 0.404869, success: 0.0, d_pos: 1.190937, d_rot: 1.543611. Best future reward: 8.412906. Took 51.506929 seconds!

Step 35. Reward: 0.375042, success: 0.0, d_pos: 1.346562, d_rot: 1.537180. Best future reward: 7.859256. Took 51.178061 seconds!

Step 36. Reward: 0.370539, success: 0.0, d_pos: 1.370720, d_rot: 1.537180. Best future reward: 7.900363. Took 51.207282 seconds!

Step 37. Reward: 0.378361, success: 0.0, d_pos: 1.346438, d_rot: 1.493437. Best future reward: 8.114637. Took 51.249223 seconds!

Step 38. Reward: 0.401780, success: 0.0, d_pos: 1.246552, d_rot: 1.442871. Best future reward: 8.177672. Took 50.597190 seconds!

Step 39. Reward: 0.436872, success: 0.0, d_pos: 1.079080, d_rot: 1.442870. Best future reward: 8.167290. Took 51.114183 seconds!

Step 40. Reward: 0.442403, success: 0.0, d_pos: 1.054440, d_rot: 1.441564. Best future reward: 8.410733. Took 51.042552 seconds!

Step 41. Reward: 0.382323, success: 0.0, d_pos: 1.356311, d_rot: 1.416667. Best future reward: 8.393221. Took 50.995880 seconds!

Step 42. Reward: 0.380325, success: 0.0, d_pos: 1.366789, d_rot: 1.416666. Best future reward: 8.535230. Took 50.554291 seconds!

Step 43. Reward: 0.393670, success: 0.0, d_pos: 1.283689, d_rot: 1.451982. Best future reward: 7.962743. Took 50.631800 seconds!

Step 44. Reward: 0.383664, success: 0.0, d_pos: 1.323808, d_rot: 1.480417. Best future reward: 8.260973. Took 51.386261 seconds!

Step 45. Reward: 0.423445, success: 0.0, d_pos: 1.126497, d_rot: 1.480418. Best future reward: 7.654979. Took 50.568584 seconds!

Step 46. Reward: 0.478821, success: 0.0, d_pos: 0.855227, d_rot: 1.544075. Best future reward: 7.862716. Took 50.413722 seconds!

Step 47. Reward: 0.482667, success: 0.0, d_pos: 0.832122, d_rot: 1.561837. Best future reward: 8.153655. Took 50.332088 seconds!

Step 48. Reward: 0.545079, success: 0.0, d_pos: 0.588473, d_rot: 1.562943. Best future reward: 7.946818. Took 50.338878 seconds!

Step 49. Reward: 0.514434, success: 0.0, d_pos: 0.703118, d_rot: 1.565644. Best future reward: 8.081934. Took 50.942580 seconds!

Step 0. Reward: 0.000000, success: 0.0, d_pos: 29.004658, d_rot: 1.508013. Best future reward: 0.312022. Took 207.700793 seconds!

Step 1. Reward: 0.000001, success: 0.0, d_pos: 26.595349, d_rot: 1.556880. Best future reward: 0.629080. Took 146.225452 seconds!

Step 2. Reward: 0.000004, success: 0.0, d_pos: 24.255311, d_rot: 1.556882. Best future reward: 0.793057. Took 147.639581 seconds!

Step 3. Reward: 0.000013, success: 0.0, d_pos: 21.956525, d_rot: 1.556882. Best future reward: 2.272452. Took 147.514329 seconds!

Step 4. Reward: 0.000039, success: 0.0, d_pos: 19.669533, d_rot: 1.556882. Best future reward: 4.662721. Took 156.762487 seconds!

Step 5. Reward: 0.000124, success: 0.0, d_pos: 17.366997, d_rot: 1.556882. Best future reward: 5.728680. Took 159.140614 seconds!

Step 6. Reward: 0.000400, success: 0.0, d_pos: 15.024926, d_rot: 1.556882. Best future reward: 7.012187. Took 158.774827 seconds!

Step 7. Reward: 0.001328, success: 0.0, d_pos: 12.624791, d_rot: 1.556882. Best future reward: 7.768475. Took 109.175403 seconds!

Step 8. Reward: 0.004559, success: 0.0, d_pos: 10.158432, d_rot: 1.556882. Best future reward: 8.517737. Took 109.696649 seconds!

Step 9. Reward: 0.016036, success: 0.0, d_pos: 7.643036, d_rot: 1.556882. Best future reward: 10.147215. Took 112.610165 seconds!

Step 10. Reward: 0.054885, success: 0.0, d_pos: 5.182265, d_rot: 1.556882. Best future reward: 11.077225. Took 116.552349 seconds!

Step 11. Reward: 0.136771, success: 0.0, d_pos: 3.391645, d_rot: 1.468109. Best future reward: 12.017016. Took 119.876604 seconds!

Step 12. Reward: 0.213986, success: 0.0, d_pos: 2.554650, d_rot: 1.322587. Best future reward: 12.661290. Took 120.783098 seconds!

Step 13. Reward: 0.386365, success: 0.0, d_pos: 1.353348, d_rot: 1.371499. Best future reward: 12.477783. Took 59.391057 seconds!

Step 14. Reward: 0.503129, success: 0.0, d_pos: 0.816780, d_rot: 1.392590. Best future reward: 12.688684. Took 58.920159 seconds!

Step 15. Reward: 0.487679, success: 0.0, d_pos: 0.871199, d_rot: 1.412488. Best future reward: 13.022796. Took 58.310061 seconds!

Step 16. Reward: 0.574999, success: 0.0, d_pos: 0.589063, d_rot: 1.294273. Best future reward: 13.003609. Took 57.766789 seconds!

Step 17. Reward: 0.700887, success: 0.0, d_pos: 0.247158, d_rot: 1.159148. Best future reward: 12.921914. Took 58.373019 seconds!

Step 18. Reward: 0.749556, success: 0.0, d_pos: 0.153381, d_rot: 1.057915. Best future reward: 12.672248. Took 56.169105 seconds!

Step 19. Reward: 0.690395, success: 0.0, d_pos: 0.344032, d_rot: 0.992379. Best future reward: 13.060672. Took 57.260442 seconds!

Step 20. Reward: 0.717929, success: 0.0, d_pos: 0.328654, d_rot: 0.835286. Best future reward: 12.474527. Took 56.664102 seconds!

Step 21. Reward: 0.731399, success: 0.0, d_pos: 0.244601, d_rot: 0.952475. Best future reward: 12.177503. Took 57.358502 seconds!

Step 22. Reward: 0.723487, success: 0.0, d_pos: 0.277828, d_rot: 0.923795. Best future reward: 12.211509. Took 56.279639 seconds!

Step 23. Reward: 0.727957, success: 0.0, d_pos: 0.261864, d_rot: 0.932906. Best future reward: 11.923395. Took 56.717890 seconds!

Step 24. Reward: 0.583493, success: 0.0, d_pos: 0.681434, d_rot: 0.990028. Best future reward: 11.885019. Took 54.934147 seconds!

Step 25. Reward: 0.743403, success: 0.0, d_pos: 0.262751, d_rot: 0.825710. Best future reward: 11.982188. Took 55.367468 seconds!

Step 26. Reward: 0.749554, success: 0.0, d_pos: 0.255528, d_rot: 0.802564. Best future reward: 12.101287. Took 55.000749 seconds!

Step 27. Reward: 0.544237, success: 0.0, d_pos: 0.895620, d_rot: 0.802805. Best future reward: 12.240029. Took 54.580611 seconds!

Step 28. Reward: 0.520048, success: 0.0, d_pos: 0.985406, d_rot: 0.805650. Best future reward: 12.029664. Took 53.857177 seconds!

Step 29. Reward: 0.731466, success: 0.0, d_pos: 0.298510, d_rot: 0.817248. Best future reward: 12.364805. Took 54.459969 seconds!

Step 30. Reward: 0.724969, success: 0.0, d_pos: 0.367145, d_rot: 0.690272. Best future reward: 12.246482. Took 54.922410 seconds!

Step 31. Reward: 0.793540, success: 0.0, d_pos: 0.193959, d_rot: 0.671357. Best future reward: 12.572368. Took 56.205865 seconds!

Step 32. Reward: 0.679277, success: 0.0, d_pos: 0.556288, d_rot: 0.542916. Best future reward: 12.869302. Took 55.275832 seconds!

Step 33. Reward: 0.716164, success: 0.0, d_pos: 0.443106, d_rot: 0.561464. Best future reward: 12.922425. Took 54.504419 seconds!

Step 34. Reward: 0.690246, success: 0.0, d_pos: 0.507094, d_rot: 0.585802. Best future reward: 13.135746. Took 54.760553 seconds!

Step 35. Reward: 0.776278, success: 0.0, d_pos: 0.302679, d_rot: 0.509527. Best future reward: 13.670696. Took 55.423782 seconds!

Step 36. Reward: 0.818799, success: 0.0, d_pos: 0.210577, d_rot: 0.473143. Best future reward: 13.728933. Took 55.216320 seconds!

Step 37. Reward: 0.779019, success: 0.0, d_pos: 0.330534, d_rot: 0.422262. Best future reward: 13.724866. Took 54.283047 seconds!

Step 38. Reward: 0.642288, success: 0.0, d_pos: 0.755098, d_rot: 0.325848. Best future reward: 13.556189. Took 54.469963 seconds!

Step 39. Reward: 0.703180, success: 0.0, d_pos: 0.537407, d_rot: 0.417191. Best future reward: 13.644791. Took 53.264103 seconds!

Step 40. Reward: 0.671398, success: 0.0, d_pos: 0.641771, d_rot: 0.387538. Best future reward: 13.377518. Took 52.375848 seconds!

Step 41. Reward: 0.762617, success: 0.0, d_pos: 0.383387, d_rot: 0.396532. Best future reward: 13.382084. Took 53.396706 seconds!

Step 42. Reward: 0.797824, success: 0.0, d_pos: 0.285890, d_rot: 0.414609. Best future reward: 12.791061. Took 53.133106 seconds!

Step 43. Reward: 0.770119, success: 0.0, d_pos: 0.354679, d_rot: 0.419351. Best future reward: 13.198059. Took 53.527668 seconds!

Step 44. Reward: 0.768438, success: 0.0, d_pos: 0.383333, d_rot: 0.358643. Best future reward: 13.419172. Took 55.292050 seconds!

Step 45. Reward: 0.710058, success: 0.0, d_pos: 0.564999, d_rot: 0.299544. Best future reward: 12.981361. Took 54.296898 seconds!

Step 46. Reward: 0.662257, success: 0.0, d_pos: 0.707071, d_rot: 0.292827. Best future reward: 13.799795. Took 57.367313 seconds!

Step 47. Reward: 0.767304, success: 0.0, d_pos: 0.377112, d_rot: 0.381582. Best future reward: 13.364348. Took 55.847347 seconds!

Step 48. Reward: 0.586903, success: 0.0, d_pos: 0.934924, d_rot: 0.327173. Best future reward: 13.217371. Took 56.441968 seconds!

Step 49. Reward: 0.591347, success: 0.0, d_pos: 0.768753, d_rot: 0.704877. Best future reward: 12.374867. Took 56.718042 seconds!

Step 0. Reward: 0.000000, success: 0.0, d_pos: 29.301348, d_rot: 2.450257. Best future reward: 2.566561. Took 205.660768 seconds!

Step 1. Reward: 0.000001, success: 0.0, d_pos: 26.793483, d_rot: 2.358249. Best future reward: 3.671625. Took 149.663769 seconds!

Step 2. Reward: 0.000003, success: 0.0, d_pos: 24.421933, d_rot: 2.358246. Best future reward: 4.426410. Took 151.587277 seconds!

Step 3. Reward: 0.000010, success: 0.0, d_pos: 22.153719, d_rot: 2.358246. Best future reward: 4.928885. Took 152.315451 seconds!

Step 4. Reward: 0.000029, success: 0.0, d_pos: 19.955092, d_rot: 2.358246. Best future reward: 5.737645. Took 153.563385 seconds!

Step 5. Reward: 0.000085, success: 0.0, d_pos: 17.792336, d_rot: 2.358246. Best future reward: 5.908642. Took 155.384786 seconds!

Step 6. Reward: 0.000252, success: 0.0, d_pos: 15.632565, d_rot: 2.358246. Best future reward: 6.242848. Took 154.559269 seconds!

Step 7. Reward: 0.000751, success: 0.0, d_pos: 13.444437, d_rot: 2.358246. Best future reward: 6.077749. Took 103.658144 seconds!

Step 8. Reward: 0.002309, success: 0.0, d_pos: 11.198815, d_rot: 2.358246. Best future reward: 6.299045. Took 104.205240 seconds!

Step 9. Reward: 0.007399, success: 0.0, d_pos: 8.869471, d_rot: 2.358246. Best future reward: 6.291887. Took 106.473655 seconds!

Step 10. Reward: 0.025000, success: 0.0, d_pos: 6.434501, d_rot: 2.358246. Best future reward: 6.908746. Took 103.876655 seconds!

Step 11. Reward: 0.089548, success: 0.0, d_pos: 3.882666, d_rot: 2.358246. Best future reward: 6.707398. Took 104.649072 seconds!

Step 12. Reward: 0.325269, success: 0.0, d_pos: 1.302905, d_rot: 2.358246. Best future reward: 7.499144. Took 104.580521 seconds!

Step 13. Reward: 0.459251, success: 0.0, d_pos: 0.661831, d_rot: 2.236214. Best future reward: 7.656428. Took 53.254761 seconds!

Step 14. Reward: 0.583043, success: 0.0, d_pos: 0.166090, d_rot: 2.282250. Best future reward: 7.821853. Took 52.258448 seconds!

Step 15. Reward: 0.541916, success: 0.0, d_pos: 0.306687, d_rot: 2.296506. Best future reward: 7.605831. Took 52.102907 seconds!

Step 16. Reward: 0.541410, success: 0.0, d_pos: 0.356037, d_rot: 2.177799. Best future reward: 8.096207. Took 51.636787 seconds!

Step 17. Reward: 0.443051, success: 0.0, d_pos: 0.756451, d_rot: 2.179221. Best future reward: 7.471513. Took 51.042794 seconds!

Step 18. Reward: 0.408908, success: 0.0, d_pos: 0.916886, d_rot: 2.179110. Best future reward: 7.372010. Took 51.571165 seconds!

Step 19. Reward: 0.416673, success: 0.0, d_pos: 0.881974, d_rot: 2.172338. Best future reward: 8.021386. Took 51.104248 seconds!

Step 20. Reward: 0.437873, success: 0.0, d_pos: 0.828760, d_rot: 2.057227. Best future reward: 7.811550. Took 51.273411 seconds!

Step 21. Reward: 0.505055, success: 0.0, d_pos: 0.543288, d_rot: 2.057223. Best future reward: 8.020659. Took 51.006489 seconds!

Step 22. Reward: 0.548943, success: 0.0, d_pos: 0.387482, d_rot: 2.030096. Best future reward: 7.292637. Took 51.491194 seconds!

Step 23. Reward: 0.485859, success: 0.0, d_pos: 0.631637, d_rot: 2.030094. Best future reward: 7.790665. Took 51.488331 seconds!

Step 24. Reward: 0.459153, success: 0.0, d_pos: 0.712181, d_rot: 2.111404. Best future reward: 8.233205. Took 51.499573 seconds!

Step 25. Reward: 0.500252, success: 0.0, d_pos: 0.541878, d_rot: 2.108520. Best future reward: 7.931968. Took 51.408476 seconds!

Step 26. Reward: 0.509384, success: 0.0, d_pos: 0.508874, d_rot: 2.100583. Best future reward: 8.130355. Took 51.003844 seconds!

Step 27. Reward: 0.545665, success: 0.0, d_pos: 0.364573, d_rot: 2.117317. Best future reward: 8.365410. Took 50.801701 seconds!

Step 28. Reward: 0.539115, success: 0.0, d_pos: 0.376915, d_rot: 2.146848. Best future reward: 7.421660. Took 51.502985 seconds!

Step 29. Reward: 0.483782, success: 0.0, d_pos: 0.600727, d_rot: 2.128782. Best future reward: 7.449521. Took 50.464246 seconds!

Step 30. Reward: 0.494720, success: 0.0, d_pos: 0.556014, d_rot: 2.128782. Best future reward: 8.470558. Took 50.848920 seconds!

Step 31. Reward: 0.479766, success: 0.0, d_pos: 0.624649, d_rot: 2.110664. Best future reward: 7.008531. Took 50.842737 seconds!

Step 32. Reward: 0.392616, success: 0.0, d_pos: 1.065039, d_rot: 2.012021. Best future reward: 7.435778. Took 50.381051 seconds!

Step 33. Reward: 0.350011, success: 0.0, d_pos: 1.294772, d_rot: 2.012017. Best future reward: 7.311850. Took 51.192791 seconds!

Step 34. Reward: 0.349037, success: 0.0, d_pos: 1.300347, d_rot: 2.012017. Best future reward: 7.465643. Took 51.308389 seconds!

Step 35. Reward: 0.325176, success: 0.0, d_pos: 1.428990, d_rot: 2.044467. Best future reward: 7.738280. Took 51.273746 seconds!

Step 36. Reward: 0.274644, success: 0.0, d_pos: 1.773960, d_rot: 2.026488. Best future reward: 7.601020. Took 51.195140 seconds!

Step 37. Reward: 0.247769, success: 0.0, d_pos: 1.979924, d_rot: 2.026487. Best future reward: 8.101004. Took 49.918568 seconds!

Step 38. Reward: 0.253700, success: 0.0, d_pos: 1.932609, d_rot: 2.026487. Best future reward: 7.767350. Took 50.421518 seconds!

Step 39. Reward: 0.299492, success: 0.0, d_pos: 1.600737, d_rot: 2.026487. Best future reward: 7.988768. Took 51.147013 seconds!

Step 40. Reward: 0.408607, success: 0.0, d_pos: 0.979407, d_rot: 2.026487. Best future reward: 7.553972. Took 50.625466 seconds!

Step 41. Reward: 0.494693, success: 0.0, d_pos: 0.609588, d_rot: 1.995117. Best future reward: 7.853121. Took 50.965332 seconds!

Step 42. Reward: 0.437018, success: 0.0, d_pos: 0.857620, d_rot: 1.994851. Best future reward: 7.711861. Took 50.753943 seconds!

Step 43. Reward: 0.389566, success: 0.0, d_pos: 1.087504, d_rot: 1.994851. Best future reward: 7.343178. Took 50.188470 seconds!

Step 44. Reward: 0.324431, success: 0.0, d_pos: 1.453234, d_rot: 1.995334. Best future reward: 7.199818. Took 50.620399 seconds!

Step 45. Reward: 0.308663, success: 0.0, d_pos: 1.563713, d_rot: 1.968237. Best future reward: 6.741712. Took 50.167615 seconds!

Step 46. Reward: 0.326567, success: 0.0, d_pos: 1.454872, d_rot: 1.958421. Best future reward: 6.330452. Took 49.989019 seconds!

Step 47. Reward: 0.349763, success: 0.0, d_pos: 1.311598, d_rot: 1.973501. Best future reward: 7.231413. Took 50.365109 seconds!

Step 48. Reward: 0.360737, success: 0.0, d_pos: 1.290045, d_rot: 1.872914. Best future reward: 6.904297. Took 50.376542 seconds!

Step 49. Reward: 0.366632, success: 0.0, d_pos: 1.234286, d_rot: 1.931274. Best future reward: 6.731838. Took 50.364638 seconds!

Step 0. Reward: 0.000000, success: 0.0, d_pos: 29.612769, d_rot: 1.292463. Best future reward: 0.376435. Took 203.369902 seconds!

Step 1. Reward: 0.000001, success: 0.0, d_pos: 27.106031, d_rot: 1.305593. Best future reward: 1.105288. Took 148.767935 seconds!

Step 2. Reward: 0.000003, success: 0.0, d_pos: 24.684188, d_rot: 1.305594. Best future reward: 4.389290. Took 148.553440 seconds!

Step 3. Reward: 0.000011, success: 0.0, d_pos: 22.317370, d_rot: 1.305594. Best future reward: 5.667652. Took 151.190143 seconds!

Step 4. Reward: 0.000035, success: 0.0, d_pos: 19.976465, d_rot: 1.305594. Best future reward: 6.410180. Took 151.626105 seconds!

Step 5. Reward: 0.000114, success: 0.0, d_pos: 17.634253, d_rot: 1.305594. Best future reward: 6.667739. Took 151.613304 seconds!

Step 6. Reward: 0.000373, success: 0.0, d_pos: 15.266721, d_rot: 1.305594. Best future reward: 6.986526. Took 153.075988 seconds!

Step 7. Reward: 0.001245, success: 0.0, d_pos: 12.855320, d_rot: 1.305594. Best future reward: 7.411961. Took 102.550888 seconds!

Step 8. Reward: 0.004266, success: 0.0, d_pos: 10.392088, d_rot: 1.305594. Best future reward: 7.898984. Took 102.756226 seconds!

Step 9. Reward: 0.014869, success: 0.0, d_pos: 7.894719, d_rot: 1.305594. Best future reward: 8.686553. Took 104.528147 seconds!

Step 10. Reward: 0.050114, success: 0.0, d_pos: 5.464662, d_rot: 1.305594. Best future reward: 9.421058. Took 104.417156 seconds!

Step 11. Reward: 0.121652, success: 0.0, d_pos: 3.693937, d_rot: 1.298097. Best future reward: 10.193885. Took 104.200376 seconds!

Step 12. Reward: 0.226516, success: 0.0, d_pos: 2.529376, d_rot: 1.101266. Best future reward: 10.450662. Took 104.494893 seconds!

Step 13. Reward: 0.360003, success: 0.0, d_pos: 1.618931, d_rot: 1.060885. Best future reward: 10.471010. Took 51.074089 seconds!

Step 14. Reward: 0.529574, success: 0.0, d_pos: 0.847011, d_rot: 1.060883. Best future reward: 10.049296. Took 50.747545 seconds!

Step 15. Reward: 0.678078, success: 0.0, d_pos: 0.352632, d_rot: 1.060883. Best future reward: 10.435251. Took 51.184806 seconds!

Step 16. Reward: 0.532828, success: 0.0, d_pos: 0.839025, d_rot: 1.050221. Best future reward: 9.621604. Took 50.779306 seconds!

Step 17. Reward: 0.528541, success: 0.0, d_pos: 0.871982, d_rot: 1.008218. Best future reward: 9.522478. Took 50.571780 seconds!

Step 18. Reward: 0.548849, success: 0.0, d_pos: 0.805378, d_rot: 0.986216. Best future reward: 11.023787. Took 50.899843 seconds!

Step 19. Reward: 0.606219, success: 0.0, d_pos: 0.606786, d_rot: 0.985602. Best future reward: 9.763976. Took 50.984261 seconds!

Step 20. Reward: 0.597565, success: 0.0, d_pos: 0.601234, d_rot: 1.071372. Best future reward: 9.563543. Took 51.030528 seconds!

Step 21. Reward: 0.513372, success: 0.0, d_pos: 0.893541, d_rot: 1.099918. Best future reward: 10.109728. Took 51.481846 seconds!

Step 22. Reward: 0.493552, success: 0.0, d_pos: 0.974865, d_rot: 1.093470. Best future reward: 10.096534. Took 51.253876 seconds!

Step 23. Reward: 0.545869, success: 0.0, d_pos: 0.773365, d_rot: 1.093470. Best future reward: 10.320103. Took 50.623277 seconds!

Step 24. Reward: 0.669882, success: 0.0, d_pos: 0.361790, d_rot: 1.098793. Best future reward: 10.655967. Took 51.506760 seconds!

Step 25. Reward: 0.590939, success: 0.0, d_pos: 0.573616, d_rot: 1.196174. Best future reward: 9.870101. Took 50.948620 seconds!

Step 26. Reward: 0.523562, success: 0.0, d_pos: 0.792232, d_rot: 1.254925. Best future reward: 10.622621. Took 52.126464 seconds!

Step 27. Reward: 0.506786, success: 0.0, d_pos: 0.857360, d_rot: 1.254927. Best future reward: 10.795269. Took 51.162485 seconds!

Step 28. Reward: 0.512307, success: 0.0, d_pos: 0.842493, d_rot: 1.237927. Best future reward: 9.475768. Took 51.085542 seconds!

Step 29. Reward: 0.523304, success: 0.0, d_pos: 0.835586, d_rot: 1.148999. Best future reward: 10.781861. Took 50.387645 seconds!

Step 30. Reward: 0.544633, success: 0.0, d_pos: 0.755690, d_rot: 1.148993. Best future reward: 10.982632. Took 50.084056 seconds!

Step 31. Reward: 0.605666, success: 0.0, d_pos: 0.538589, d_rot: 1.160657. Best future reward: 10.383506. Took 50.751898 seconds!

Step 32. Reward: 0.586918, success: 0.0, d_pos: 0.550693, d_rot: 1.287622. Best future reward: 10.302580. Took 50.920282 seconds!

Step 33. Reward: 0.534964, success: 0.0, d_pos: 0.731523, d_rot: 1.298967. Best future reward: 10.354511. Took 50.796680 seconds!

Step 34. Reward: 0.506543, success: 0.0, d_pos: 0.853172, d_rot: 1.267799. Best future reward: 10.546924. Took 50.721980 seconds!

Step 35. Reward: 0.518470, success: 0.0, d_pos: 0.775896, d_rot: 1.344626. Best future reward: 10.335930. Took 51.114328 seconds!

Step 36. Reward: 0.549386, success: 0.0, d_pos: 0.677621, d_rot: 1.300720. Best future reward: 11.577588. Took 51.409843 seconds!

Step 37. Reward: 0.631655, success: 0.0, d_pos: 0.398547, d_rot: 1.300695. Best future reward: 11.254762. Took 51.536109 seconds!

Step 38. Reward: 0.673893, success: 0.0, d_pos: 0.271059, d_rot: 1.295773. Best future reward: 10.982857. Took 51.987487 seconds!

Step 39. Reward: 0.617902, success: 0.0, d_pos: 0.455781, d_rot: 1.267679. Best future reward: 10.122049. Took 52.105145 seconds!

Step 40. Reward: 0.589790, success: 0.0, d_pos: 0.548933, d_rot: 1.267609. Best future reward: 10.145767. Took 51.929434 seconds!

Step 41. Reward: 0.571966, success: 0.0, d_pos: 0.587602, d_rot: 1.324376. Best future reward: 9.831301. Took 51.639035 seconds!

Step 42. Reward: 0.545495, success: 0.0, d_pos: 0.683121, d_rot: 1.322503. Best future reward: 9.698964. Took 51.735162 seconds!

Step 43. Reward: 0.551686, success: 0.0, d_pos: 0.638466, d_rot: 1.377721. Best future reward: 9.545037. Took 52.364886 seconds!

Step 44. Reward: 0.573291, success: 0.0, d_pos: 0.511076, d_rot: 1.504123. Best future reward: 9.116765. Took 51.832508 seconds!

Step 45. Reward: 0.517585, success: 0.0, d_pos: 0.733515, d_rot: 1.459116. Best future reward: 9.333516. Took 51.479057 seconds!

Step 46. Reward: 0.496292, success: 0.0, d_pos: 0.817536, d_rot: 1.459114. Best future reward: 10.182708. Took 52.108700 seconds!

Step 47. Reward: 0.530759, success: 0.0, d_pos: 0.687355, d_rot: 1.448846. Best future reward: 9.400928. Took 51.462668 seconds!

Step 48. Reward: 0.568409, success: 0.0, d_pos: 0.532313, d_rot: 1.493787. Best future reward: 9.428966. Took 51.879813 seconds!

Step 49. Reward: 0.501359, success: 0.0, d_pos: 0.770681, d_rot: 1.525460. Best future reward: 9.338029. Took 51.040346 seconds!

Step 0. Reward: 0.000000, success: 0.0, d_pos: 30.884282, d_rot: 2.740923. Best future reward: 2.980561. Took 205.655967 seconds!

Step 1. Reward: 0.000000, success: 0.0, d_pos: 28.041978, d_rot: 2.700215. Best future reward: 4.385276. Took 155.827269 seconds!

Step 2. Reward: 0.000002, success: 0.0, d_pos: 25.303316, d_rot: 2.700214. Best future reward: 4.798426. Took 156.593011 seconds!

Step 3. Reward: 0.000007, success: 0.0, d_pos: 22.640345, d_rot: 2.700214. Best future reward: 5.176030. Took 157.187615 seconds!

Step 4. Reward: 0.000026, success: 0.0, d_pos: 20.025096, d_rot: 2.700214. Best future reward: 5.444938. Took 154.290241 seconds!

Step 5. Reward: 0.000096, success: 0.0, d_pos: 17.430222, d_rot: 2.700214. Best future reward: 6.520204. Took 153.657550 seconds!

Step 6. Reward: 0.000351, success: 0.0, d_pos: 14.829792, d_rot: 2.700214. Best future reward: 6.212755. Took 156.975621 seconds!

Step 7. Reward: 0.001307, success: 0.0, d_pos: 12.200505, d_rot: 2.700214. Best future reward: 6.406282. Took 105.186803 seconds!

Step 8. Reward: 0.004981, success: 0.0, d_pos: 9.524296, d_rot: 2.700214. Best future reward: 6.553023. Took 106.291236 seconds!

Step 9. Reward: 0.019479, success: 0.0, d_pos: 6.796728, d_rot: 2.700214. Best future reward: 7.403724. Took 106.451818 seconds!

Step 10. Reward: 0.076143, success: 0.0, d_pos: 4.070210, d_rot: 2.700214. Best future reward: 7.573685. Took 104.885361 seconds!

Step 11. Reward: 0.220086, success: 0.0, d_pos: 1.953042, d_rot: 2.686075. Best future reward: 8.100891. Took 107.819320 seconds!

Step 12. Reward: 0.282060, success: 0.0, d_pos: 1.513226, d_rot: 2.545108. Best future reward: 8.344967. Took 107.441408 seconds!

Step 13. Reward: 0.375507, success: 0.0, d_pos: 0.942372, d_rot: 2.541459. Best future reward: 9.370051. Took 53.381405 seconds!

Step 14. Reward: 0.446472, success: 0.0, d_pos: 0.594304, d_rot: 2.546135. Best future reward: 9.958775. Took 53.772133 seconds!

Step 15. Reward: 0.481227, success: 0.0, d_pos: 0.487993, d_rot: 2.437097. Best future reward: 10.257774. Took 53.611553 seconds!

Step 16. Reward: 0.526423, success: 0.0, d_pos: 0.389568, d_rot: 2.234334. Best future reward: 10.868399. Took 54.088117 seconds!

Step 17. Reward: 0.566152, success: 0.0, d_pos: 0.255295, d_rot: 2.206223. Best future reward: 11.356510. Took 54.934886 seconds!

Step 18. Reward: 0.550747, success: 0.0, d_pos: 0.276408, d_rot: 2.291382. Best future reward: 11.113337. Took 55.251649 seconds!

Step 19. Reward: 0.502722, success: 0.0, d_pos: 0.524495, d_rot: 2.127352. Best future reward: 11.014346. Took 55.197421 seconds!

Step 20. Reward: 0.497049, success: 0.0, d_pos: 0.498103, d_rot: 2.250070. Best future reward: 10.973137. Took 56.389130 seconds!

Step 21. Reward: 0.604576, success: 0.0, d_pos: 0.117895, d_rot: 2.221401. Best future reward: 11.158287. Took 55.992040 seconds!

Step 22. Reward: 0.583457, success: 0.0, d_pos: 0.251826, d_rot: 2.064355. Best future reward: 10.970375. Took 55.640696 seconds!

Step 23. Reward: 0.557086, success: 0.0, d_pos: 0.369799, d_rot: 2.000680. Best future reward: 11.075272. Took 55.194452 seconds!

Step 24. Reward: 0.442777, success: 0.0, d_pos: 0.825462, d_rot: 2.009796. Best future reward: 10.663042. Took 54.186123 seconds!

Step 25. Reward: 0.486384, success: 0.0, d_pos: 0.671393, d_rot: 1.925306. Best future reward: 10.482186. Took 53.538877 seconds!

Step 26. Reward: 0.658458, success: 0.0, d_pos: 0.120629, d_rot: 1.787698. Best future reward: 10.560894. Took 52.425038 seconds!

Step 27. Reward: 0.640167, success: 0.0, d_pos: 0.226078, d_rot: 1.664934. Best future reward: 10.728448. Took 52.447194 seconds!

Step 28. Reward: 0.606647, success: 0.0, d_pos: 0.342215, d_rot: 1.643503. Best future reward: 11.359420. Took 52.450387 seconds!

Step 29. Reward: 0.620871, success: 0.0, d_pos: 0.290485, d_rot: 1.656943. Best future reward: 11.685551. Took 53.466155 seconds!

Step 30. Reward: 0.668436, success: 0.0, d_pos: 0.203445, d_rot: 1.505459. Best future reward: 12.264075. Took 52.802675 seconds!

Step 31. Reward: 0.609630, success: 0.0, d_pos: 0.384789, d_rot: 1.512548. Best future reward: 11.807991. Took 52.454194 seconds!

Step 32. Reward: 0.545956, success: 0.0, d_pos: 0.617180, d_rot: 1.483131. Best future reward: 11.405949. Took 52.341302 seconds!

Step 33. Reward: 0.556323, success: 0.0, d_pos: 0.596447, d_rot: 1.440910. Best future reward: 12.046743. Took 53.015100 seconds!

Step 34. Reward: 0.675208, success: 0.0, d_pos: 0.245522, d_rot: 1.349865. Best future reward: 11.756189. Took 52.893609 seconds!

Step 35. Reward: 0.600031, success: 0.0, d_pos: 0.487140, d_rot: 1.336018. Best future reward: 11.898083. Took 53.500209 seconds!

Step 36. Reward: 0.623728, success: 0.0, d_pos: 0.400116, d_rot: 1.359914. Best future reward: 11.848531. Took 54.372714 seconds!

Step 37. Reward: 0.691286, success: 0.0, d_pos: 0.179282, d_rot: 1.397805. Best future reward: 12.540243. Took 53.863836 seconds!

Step 38. Reward: 0.667141, success: 0.0, d_pos: 0.233487, d_rot: 1.440051. Best future reward: 12.344820. Took 55.266539 seconds!

Step 39. Reward: 0.694046, success: 0.0, d_pos: 0.156408, d_rot: 1.435063. Best future reward: 12.990387. Took 54.679781 seconds!

Step 40. Reward: 0.558436, success: 0.0, d_pos: 0.607040, d_rot: 1.395479. Best future reward: 13.166656. Took 56.571375 seconds!

Step 41. Reward: 0.546526, success: 0.0, d_pos: 0.720426, d_rot: 1.219798. Best future reward: 13.340821. Took 57.913592 seconds!

Step 42. Reward: 0.686824, success: 0.0, d_pos: 0.299879, d_rot: 1.128688. Best future reward: 13.502159. Took 56.714557 seconds!

Step 43. Reward: 0.636971, success: 0.0, d_pos: 0.444807, d_rot: 1.143142. Best future reward: 13.866181. Took 58.158088 seconds!

Step 44. Reward: 0.673311, success: 0.0, d_pos: 0.321176, d_rot: 1.174799. Best future reward: 13.729793. Took 56.533124 seconds!

Step 45. Reward: 0.720747, success: 0.0, d_pos: 0.207621, d_rot: 1.118286. Best future reward: 13.768209. Took 58.210898 seconds!

Step 46. Reward: 0.715329, success: 0.0, d_pos: 0.227205, d_rot: 1.107048. Best future reward: 14.049858. Took 57.483829 seconds!

Step 47. Reward: 0.740290, success: 0.0, d_pos: 0.150598, d_rot: 1.127073. Best future reward: 14.229818. Took 57.300850 seconds!

Step 48. Reward: 0.615238, success: 0.0, d_pos: 0.551565, d_rot: 1.049820. Best future reward: 14.380734. Took 58.744090 seconds!

Step 49. Reward: 0.683511, success: 0.0, d_pos: 0.349828, d_rot: 1.027991. Best future reward: 14.437113. Took 58.467793 seconds!

